<?xml version="1.0" encoding="UTF-8"?>
<!-- Generated by org.testng.reporters.JUnitReportReporter -->
<testsuite skipped="0" hostname="Amar" name="pac1.Sample3" tests="1" failures="0" timestamp="13 Aug 2020 09:47:44 GMT" time="0.015" errors="0">
  <testcase name="test1" time="0.015" classname="pac1.Sample3"/>
</testsuite> <!-- pac1.Sample3 -->
